<?xml version="1.0" encoding="UTF-8"?>
<!-- Generated by org.testng.reporters.JUnitReportReporter -->
<testsuite hostname="LAPTOP-9H2JONG2" failures="0" tests="2" name="com.simplilearn.testng.FirstDemo" time="0.009" errors="0" timestamp="2022-10-01T15:02:09 IST" skipped="0">
  <testcase classname="com.simplilearn.testng.FirstDemo" name="Hello1" time="0.002"/>
  <system-out/>
  <testcase classname="com.simplilearn.testng.FirstDemo" name="Hello" time="0.007"/>
  <system-out/>
</testsuite> <!-- com.simplilearn.testng.FirstDemo -->
