<?xml version="1.0" encoding="UTF-8"?>
<!-- Generated by org.testng.reporters.JUnitReportReporter -->
<testsuite hostname="LAPTOP-9H2JONG2" failures="0" tests="1" name="com.simplilearn.testng.AssertionExample" time="4.266" errors="0" timestamp="2022-10-01T15:02:09 IST" skipped="0">
  <testcase classname="com.simplilearn.testng.AssertionExample" name="TitleTest" time="4.266"/>
  <system-out/>
</testsuite> <!-- com.simplilearn.testng.AssertionExample -->
