<?xml version="1.0" encoding="UTF-8"?>
<!-- Generated by org.testng.reporters.JUnitReportReporter -->
<testsuite skipped="0" hostname="LAPTOP-9H2JONG2" name="com.simplilearn.testng.GroupTest" tests="2" failures="0" timestamp="2022-10-02T00:33:03 IST" time="7.474" errors="0">
  <testcase name="launchChrome" time="7.336" classname="com.simplilearn.testng.GroupTest"/>
  <system-out/>
  <testcase name="loginWithChrome" time="0.138" classname="com.simplilearn.testng.GroupTest"/>
  <system-out/>
</testsuite> <!-- com.simplilearn.testng.GroupTest -->
