<?xml version="1.0" encoding="UTF-8"?>
<!-- Generated by org.testng.reporters.JUnitReportReporter -->
<testsuite hostname="LAPTOP-9H2JONG2" failures="0" tests="2" name="com.simplilearn.testng.GroupTest" time="6.114" errors="0" timestamp="2022-10-01T15:02:09 IST" skipped="0">
  <testcase classname="com.simplilearn.testng.GroupTest" name="launchChrome" time="5.810"/>
  <system-out/>
  <testcase classname="com.simplilearn.testng.GroupTest" name="loginWithChrome" time="0.304"/>
  <system-out/>
</testsuite> <!-- com.simplilearn.testng.GroupTest -->
