<?xml version="1.0" encoding="UTF-8"?>
<!-- Generated by org.testng.reporters.JUnitReportReporter -->
<testsuite hostname="LAPTOP-9H2JONG2" failures="0" tests="1" name="com.simplilearn.testng.NewTest" time="4.531" errors="0" timestamp="2022-10-03T16:49:52 IST" skipped="0">
  <testcase classname="com.simplilearn.testng.NewTest" name="facebook" time="4.531"/>
  <system-out/>
</testsuite> <!-- com.simplilearn.testng.NewTest -->
