<?xml version="1.0" encoding="UTF-8"?>
<!-- Generated by org.testng.reporters.JUnitReportReporter -->
<testsuite hostname="LAPTOP-9H2JONG2" failures="0" tests="1" name="com.simplilearn.test.NewTest" time="15.639" errors="0" timestamp="2022-10-03T17:07:52 IST" skipped="0">
  <testcase classname="com.simplilearn.test.NewTest" name="oracle" time="15.639"/>
  <system-out/>
</testsuite> <!-- com.simplilearn.test.NewTest -->
