<?xml version="1.0" encoding="UTF-8"?>
<!-- Generated by org.testng.reporters.JUnitReportReporter -->
<testsuite hostname="LAPTOP-9H2JONG2" failures="0" tests="7" name="com.simplilearn.demo.FlipkartTestChrome" time="36.751" errors="0" timestamp="2022-10-11T21:51:35 IST" skipped="0">
  <testcase classname="com.simplilearn.demo.FlipkartTestChrome" name="closeLogin" time="1.180"/>
  <system-out/>
  <testcase classname="com.simplilearn.demo.FlipkartTestChrome" name="scroll" time="6.384"/>
  <system-out/>
  <testcase classname="com.simplilearn.demo.FlipkartTestChrome" name="searchProduct" time="5.466"/>
  <system-out/>
  <testcase classname="com.simplilearn.demo.FlipkartTestChrome" name="loadImage" time="13.955"/>
  <system-out/>
  <testcase classname="com.simplilearn.demo.FlipkartTestChrome" name="scrollFrequency" time="2.080"/>
  <system-out/>
  <testcase classname="com.simplilearn.demo.FlipkartTestChrome" name="downloadImages" time="0.035"/>
  <system-out/>
  <testcase classname="com.simplilearn.demo.FlipkartTestChrome" name="screenResolution" time="7.651"/>
  <system-out/>
</testsuite> <!-- com.simplilearn.demo.FlipkartTestChrome -->
