<?xml version="1.0" encoding="UTF-8"?>
<!-- Generated by org.testng.reporters.JUnitReportReporter -->
<testsuite hostname="LAPTOP-9H2JONG2" failures="0" tests="7" name="com.simplilearn.demo.FlipkartTestEdge" time="38.508" errors="0" timestamp="2022-10-11T21:51:35 IST" skipped="0">
  <testcase classname="com.simplilearn.demo.FlipkartTestEdge" name="closeLogin" time="1.169"/>
  <system-out/>
  <testcase classname="com.simplilearn.demo.FlipkartTestEdge" name="scroll" time="6.105"/>
  <system-out/>
  <testcase classname="com.simplilearn.demo.FlipkartTestEdge" name="searchProduct" time="5.499"/>
  <system-out/>
  <testcase classname="com.simplilearn.demo.FlipkartTestEdge" name="loadImage" time="15.980"/>
  <system-out/>
  <testcase classname="com.simplilearn.demo.FlipkartTestEdge" name="scrollFrequency" time="2.073"/>
  <system-out/>
  <testcase classname="com.simplilearn.demo.FlipkartTestEdge" name="downloadImages" time="0.033"/>
  <system-out/>
  <testcase classname="com.simplilearn.demo.FlipkartTestEdge" name="screenResolution" time="7.649"/>
  <system-out/>
</testsuite> <!-- com.simplilearn.demo.FlipkartTestEdge -->
