<?xml version="1.0" encoding="UTF-8"?>
<!-- Generated by org.testng.reporters.JUnitReportReporter -->
<testsuite skipped="0" hostname="LAPTOP-9H2JONG2" name="com.simplilearn.test.NewTest" tests="1" failures="0" timestamp="2022-10-03T17:07:14 IST" time="16.944" errors="0">
  <testcase name="oracle" time="16.944" classname="com.simplilearn.test.NewTest"/>
  <system-out/>
</testsuite> <!-- com.simplilearn.test.NewTest -->
